2020-03-14 10:14:32 14532 [Note] Plugin 'FEDERATED' is disabled.
2020-03-14 10:14:32 14532 [Note] InnoDB: The InnoDB memory heap is disabled
2020-03-14 10:14:32 14532 [Note] InnoDB: Mutexes and rw_locks use Windows interlocked functions
2020-03-14 10:14:32 14532 [Note] InnoDB: Compressed tables use zlib 1.2.3
2020-03-14 10:14:32 14532 [Note] InnoDB: Not using CPU crc32 instructions
2020-03-14 10:14:32 14532 [Note] InnoDB: Initializing buffer pool, size = 128.0M
2020-03-14 10:14:32 14532 [Note] InnoDB: Completed initialization of buffer pool
2020-03-14 10:14:32 14532 [Note] InnoDB: Highest supported file format is Barracuda.
2020-03-14 10:14:32 14532 [Note] InnoDB: The log sequence numbers 1626134 and 1626134 in ibdata files do not match the log sequence number 1626686 in the ib_logfiles!
2020-03-14 10:14:32 14532 [Note] InnoDB: Database was not shutdown normally!
2020-03-14 10:14:32 14532 [Note] InnoDB: Starting crash recovery.
2020-03-14 10:14:32 14532 [Note] InnoDB: Reading tablespace information from the .ibd files...
2020-03-14 10:14:32 14532 [Note] InnoDB: Restoring possible half-written data pages 
2020-03-14 10:14:32 14532 [Note] InnoDB: from the doublewrite buffer...
2020-03-14 10:14:32 14532 [Note] InnoDB: 128 rollback segment(s) are active.
2020-03-14 10:14:32 14532 [Note] InnoDB: Waiting for purge to start
2020-03-14 10:14:33 14532 [Note] InnoDB: 5.6.13 started; log sequence number 1626686
2020-03-14 10:14:33 14532 [Note] Server hostname (bind-address): '*'; port: 3307
2020-03-14 10:14:33 14532 [Note] IPv6 is available.
2020-03-14 10:14:33 14532 [Note]   - '::' resolves to '::';
2020-03-14 10:14:33 14532 [Note] Server socket created on IP: '::'.
2020-03-14 21:32:46 15460 [Note] Plugin 'FEDERATED' is disabled.
2020-03-14 21:32:46 15460 [Note] InnoDB: The InnoDB memory heap is disabled
2020-03-14 21:32:46 15460 [Note] InnoDB: Mutexes and rw_locks use Windows interlocked functions
2020-03-14 21:32:46 15460 [Note] InnoDB: Compressed tables use zlib 1.2.3
2020-03-14 21:32:46 15460 [Note] InnoDB: Not using CPU crc32 instructions
2020-03-14 21:32:46 15460 [Note] InnoDB: Initializing buffer pool, size = 128.0M
2020-03-14 21:32:46 15460 [Note] InnoDB: Completed initialization of buffer pool
2020-03-14 21:32:46 15460 [Note] InnoDB: Highest supported file format is Barracuda.
2020-03-14 21:32:46 15460 [Note] InnoDB: The log sequence numbers 1626134 and 1626134 in ibdata files do not match the log sequence number 1626696 in the ib_logfiles!
2020-03-14 21:32:46 15460 [Note] InnoDB: Database was not shutdown normally!
2020-03-14 21:32:46 15460 [Note] InnoDB: Starting crash recovery.
2020-03-14 21:32:46 15460 [Note] InnoDB: Reading tablespace information from the .ibd files...
2020-03-14 21:32:46 15460 [Note] InnoDB: Restoring possible half-written data pages 
2020-03-14 21:32:46 15460 [Note] InnoDB: from the doublewrite buffer...
2020-03-14 21:32:47 15460 [Note] InnoDB: 128 rollback segment(s) are active.
2020-03-14 21:32:47 15460 [Note] InnoDB: Waiting for purge to start
2020-03-14 21:32:47 15460 [Note] InnoDB: 5.6.13 started; log sequence number 1626696
2020-03-14 21:32:47 15460 [Note] Server hostname (bind-address): '*'; port: 3307
2020-03-14 21:32:47 15460 [Note] IPv6 is available.
2020-03-14 21:32:47 15460 [Note]   - '::' resolves to '::';
2020-03-14 21:32:47 15460 [Note] Server socket created on IP: '::'.
2020-03-15 08:40:58 14540 [Note] Plugin 'FEDERATED' is disabled.
2020-03-15 08:40:58 14540 [Note] InnoDB: The InnoDB memory heap is disabled
2020-03-15 08:40:58 14540 [Note] InnoDB: Mutexes and rw_locks use Windows interlocked functions
2020-03-15 08:40:58 14540 [Note] InnoDB: Compressed tables use zlib 1.2.3
2020-03-15 08:40:58 14540 [Note] InnoDB: Not using CPU crc32 instructions
2020-03-15 08:40:58 14540 [Note] InnoDB: Initializing buffer pool, size = 128.0M
2020-03-15 08:40:58 14540 [Note] InnoDB: Completed initialization of buffer pool
2020-03-15 08:40:58 14540 [Note] InnoDB: Highest supported file format is Barracuda.
2020-03-15 08:40:58 14540 [Note] InnoDB: The log sequence numbers 1626134 and 1626134 in ibdata files do not match the log sequence number 1626706 in the ib_logfiles!
2020-03-15 08:40:58 14540 [Note] InnoDB: Database was not shutdown normally!
2020-03-15 08:40:58 14540 [Note] InnoDB: Starting crash recovery.
2020-03-15 08:40:58 14540 [Note] InnoDB: Reading tablespace information from the .ibd files...
2020-03-15 08:40:58 14540 [Note] InnoDB: Restoring possible half-written data pages 
2020-03-15 08:40:58 14540 [Note] InnoDB: from the doublewrite buffer...
2020-03-15 08:40:59 14540 [Note] InnoDB: 128 rollback segment(s) are active.
2020-03-15 08:40:59 14540 [Note] InnoDB: Waiting for purge to start
2020-03-15 08:40:59 14540 [Note] InnoDB: 5.6.13 started; log sequence number 1626706
2020-03-15 08:40:59 14540 [Note] Server hostname (bind-address): '*'; port: 3307
2020-03-15 08:40:59 14540 [Note] IPv6 is available.
2020-03-15 08:40:59 14540 [Note]   - '::' resolves to '::';
2020-03-15 08:40:59 14540 [Note] Server socket created on IP: '::'.
2020-03-15 12:57:14 20236 [Note] Plugin 'FEDERATED' is disabled.
2020-03-15 12:57:14 20236 [Note] InnoDB: The InnoDB memory heap is disabled
2020-03-15 12:57:14 20236 [Note] InnoDB: Mutexes and rw_locks use Windows interlocked functions
2020-03-15 12:57:14 20236 [Note] InnoDB: Compressed tables use zlib 1.2.3
2020-03-15 12:57:14 20236 [Note] InnoDB: Not using CPU crc32 instructions
2020-03-15 12:57:14 20236 [Note] InnoDB: Initializing buffer pool, size = 128.0M
2020-03-15 12:57:14 20236 [Note] InnoDB: Completed initialization of buffer pool
2020-03-15 12:57:14 20236 [Note] InnoDB: Highest supported file format is Barracuda.
2020-03-15 12:57:14 20236 [Note] InnoDB: The log sequence numbers 1626134 and 1626134 in ibdata files do not match the log sequence number 1626716 in the ib_logfiles!
2020-03-15 12:57:14 20236 [Note] InnoDB: Database was not shutdown normally!
2020-03-15 12:57:14 20236 [Note] InnoDB: Starting crash recovery.
2020-03-15 12:57:14 20236 [Note] InnoDB: Reading tablespace information from the .ibd files...
2020-03-15 12:57:14 20236 [Note] InnoDB: Restoring possible half-written data pages 
2020-03-15 12:57:14 20236 [Note] InnoDB: from the doublewrite buffer...
2020-03-15 12:57:15 20236 [Note] InnoDB: 128 rollback segment(s) are active.
2020-03-15 12:57:15 20236 [Note] InnoDB: Waiting for purge to start
2020-03-15 12:57:15 20236 [Note] InnoDB: 5.6.13 started; log sequence number 1626716
2020-03-15 12:57:15 20236 [Note] Server hostname (bind-address): '*'; port: 3307
2020-03-15 12:57:15 20236 [Note] IPv6 is available.
2020-03-15 12:57:15 20236 [Note]   - '::' resolves to '::';
2020-03-15 12:57:15 20236 [Note] Server socket created on IP: '::'.
2020-03-15 13:26:52 8568 [Note] Plugin 'FEDERATED' is disabled.
2020-03-15 13:26:52 8568 [Note] InnoDB: The InnoDB memory heap is disabled
2020-03-15 13:26:52 8568 [Note] InnoDB: Mutexes and rw_locks use Windows interlocked functions
2020-03-15 13:26:52 8568 [Note] InnoDB: Compressed tables use zlib 1.2.3
2020-03-15 13:26:52 8568 [Note] InnoDB: Not using CPU crc32 instructions
2020-03-15 13:26:52 8568 [Note] InnoDB: Initializing buffer pool, size = 128.0M
2020-03-15 13:26:52 8568 [Note] InnoDB: Completed initialization of buffer pool
2020-03-15 13:26:52 8568 [Note] InnoDB: Highest supported file format is Barracuda.
2020-03-15 13:26:52 8568 [Note] InnoDB: The log sequence numbers 1626134 and 1626134 in ibdata files do not match the log sequence number 1626726 in the ib_logfiles!
2020-03-15 13:26:52 8568 [Note] InnoDB: Database was not shutdown normally!
2020-03-15 13:26:52 8568 [Note] InnoDB: Starting crash recovery.
2020-03-15 13:26:52 8568 [Note] InnoDB: Reading tablespace information from the .ibd files...
2020-03-15 13:26:52 8568 [Note] InnoDB: Restoring possible half-written data pages 
2020-03-15 13:26:52 8568 [Note] InnoDB: from the doublewrite buffer...
2020-03-15 13:26:52 8568 [Note] InnoDB: 128 rollback segment(s) are active.
2020-03-15 13:26:52 8568 [Note] InnoDB: Waiting for purge to start
2020-03-15 13:26:52 8568 [Note] InnoDB: 5.6.13 started; log sequence number 1626726
2020-03-15 13:26:52 8568 [Note] Server hostname (bind-address): '*'; port: 3307
2020-03-15 13:26:52 8568 [Note] IPv6 is available.
2020-03-15 13:26:52 8568 [Note]   - '::' resolves to '::';
2020-03-15 13:26:52 8568 [Note] Server socket created on IP: '::'.
2020-03-15 17:14:37 16412 [Note] Plugin 'FEDERATED' is disabled.
2020-03-15 17:14:37 16412 [Note] InnoDB: The InnoDB memory heap is disabled
2020-03-15 17:14:37 16412 [Note] InnoDB: Mutexes and rw_locks use Windows interlocked functions
2020-03-15 17:14:37 16412 [Note] InnoDB: Compressed tables use zlib 1.2.3
2020-03-15 17:14:37 16412 [Note] InnoDB: Not using CPU crc32 instructions
2020-03-15 17:14:37 16412 [Note] InnoDB: Initializing buffer pool, size = 128.0M
2020-03-15 17:14:37 16412 [Note] InnoDB: Completed initialization of buffer pool
2020-03-15 17:14:37 16412 [Note] InnoDB: Highest supported file format is Barracuda.
2020-03-15 17:14:37 16412 [Note] InnoDB: The log sequence numbers 1626134 and 1626134 in ibdata files do not match the log sequence number 1626736 in the ib_logfiles!
2020-03-15 17:14:37 16412 [Note] InnoDB: Database was not shutdown normally!
2020-03-15 17:14:37 16412 [Note] InnoDB: Starting crash recovery.
2020-03-15 17:14:37 16412 [Note] InnoDB: Reading tablespace information from the .ibd files...
2020-03-15 17:14:37 16412 [Note] InnoDB: Restoring possible half-written data pages 
2020-03-15 17:14:37 16412 [Note] InnoDB: from the doublewrite buffer...
2020-03-15 17:14:38 16412 [Note] InnoDB: 128 rollback segment(s) are active.
2020-03-15 17:14:38 16412 [Note] InnoDB: Waiting for purge to start
2020-03-15 17:14:38 16412 [Note] InnoDB: 5.6.13 started; log sequence number 1626736
2020-03-15 17:14:38 16412 [Note] Server hostname (bind-address): '*'; port: 3307
2020-03-15 17:14:38 16412 [Note] IPv6 is available.
2020-03-15 17:14:38 16412 [Note]   - '::' resolves to '::';
2020-03-15 17:14:38 16412 [Note] Server socket created on IP: '::'.
2020-03-16 09:42:28 20672 [Note] Plugin 'FEDERATED' is disabled.
2020-03-16 09:42:28 20672 [Note] InnoDB: The InnoDB memory heap is disabled
2020-03-16 09:42:28 20672 [Note] InnoDB: Mutexes and rw_locks use Windows interlocked functions
2020-03-16 09:42:28 20672 [Note] InnoDB: Compressed tables use zlib 1.2.3
2020-03-16 09:42:28 20672 [Note] InnoDB: Not using CPU crc32 instructions
2020-03-16 09:42:28 20672 [Note] InnoDB: Initializing buffer pool, size = 128.0M
2020-03-16 09:42:28 20672 [Note] InnoDB: Completed initialization of buffer pool
2020-03-16 09:42:28 20672 [Note] InnoDB: Highest supported file format is Barracuda.
2020-03-16 09:42:28 20672 [Note] InnoDB: The log sequence numbers 1626134 and 1626134 in ibdata files do not match the log sequence number 1721789 in the ib_logfiles!
2020-03-16 09:42:28 20672 [Note] InnoDB: Database was not shutdown normally!
2020-03-16 09:42:28 20672 [Note] InnoDB: Starting crash recovery.
2020-03-16 09:42:28 20672 [Note] InnoDB: Reading tablespace information from the .ibd files...
2020-03-16 09:42:28 20672 [Note] InnoDB: Restoring possible half-written data pages 
2020-03-16 09:42:28 20672 [Note] InnoDB: from the doublewrite buffer...
2020-03-16 09:42:29 20672 [Note] InnoDB: 128 rollback segment(s) are active.
2020-03-16 09:42:29 20672 [Note] InnoDB: Waiting for purge to start
2020-03-16 09:42:30 20672 [Note] InnoDB: 5.6.13 started; log sequence number 1721789
2020-03-16 09:42:30 20672 [Note] Server hostname (bind-address): '*'; port: 3307
2020-03-16 09:42:30 20672 [Note] IPv6 is available.
2020-03-16 09:42:30 20672 [Note]   - '::' resolves to '::';
2020-03-16 09:42:30 20672 [Note] Server socket created on IP: '::'.
2020-03-16 22:16:25 13508 [Note] Plugin 'FEDERATED' is disabled.
2020-03-16 22:16:25 13508 [Note] InnoDB: The InnoDB memory heap is disabled
2020-03-16 22:16:25 13508 [Note] InnoDB: Mutexes and rw_locks use Windows interlocked functions
2020-03-16 22:16:25 13508 [Note] InnoDB: Compressed tables use zlib 1.2.3
2020-03-16 22:16:25 13508 [Note] InnoDB: Not using CPU crc32 instructions
2020-03-16 22:16:25 13508 [Note] InnoDB: Initializing buffer pool, size = 128.0M
2020-03-16 22:16:25 13508 [Note] InnoDB: Completed initialization of buffer pool
2020-03-16 22:16:25 13508 [Note] InnoDB: Highest supported file format is Barracuda.
2020-03-16 22:16:25 13508 [Note] InnoDB: The log sequence numbers 1626134 and 1626134 in ibdata files do not match the log sequence number 1767087 in the ib_logfiles!
2020-03-16 22:16:26 13508 [Note] InnoDB: Database was not shutdown normally!
2020-03-16 22:16:26 13508 [Note] InnoDB: Starting crash recovery.
2020-03-16 22:16:26 13508 [Note] InnoDB: Reading tablespace information from the .ibd files...
2020-03-16 22:16:26 13508 [Note] InnoDB: Restoring possible half-written data pages 
2020-03-16 22:16:26 13508 [Note] InnoDB: from the doublewrite buffer...
2020-03-16 22:16:26 13508 [Note] InnoDB: 128 rollback segment(s) are active.
2020-03-16 22:16:26 13508 [Note] InnoDB: Waiting for purge to start
2020-03-16 22:16:26 13508 [Note] InnoDB: 5.6.13 started; log sequence number 1767087
2020-03-16 22:16:26 13508 [Note] Server hostname (bind-address): '*'; port: 3307
2020-03-16 22:16:26 13508 [Note] IPv6 is available.
2020-03-16 22:16:26 13508 [Note]   - '::' resolves to '::';
2020-03-16 22:16:26 13508 [Note] Server socket created on IP: '::'.
