::1 - - [14/Mar/2020:21:33:31 +0800] "GET /index.html HTTP/1.1" 200 556
::1 - - [14/Mar/2020:21:33:31 +0800] "GET /custom.css HTTP/1.1" 200 2545
::1 - - [14/Mar/2020:21:33:31 +0800] "GET /jquery-3.4.1.min.js HTTP/1.1" 200 88145
::1 - - [14/Mar/2020:21:33:33 +0800] "GET /makeSurvey.html HTTP/1.1" 200 1571
::1 - - [14/Mar/2020:21:33:34 +0800] "GET /custom.css HTTP/1.1" 200 2545
::1 - - [14/Mar/2020:21:33:34 +0800] "GET /jquery-3.4.1.min.js HTTP/1.1" 200 88145
::1 - - [14/Mar/2020:21:33:34 +0800] "GET /makeSurvey.js HTTP/1.1" 200 5717
::1 - - [14/Mar/2020:21:34:07 +0800] "GET /custom.css HTTP/1.1" 304 -
::1 - - [14/Mar/2020:21:42:40 +0800] "GET /index.html HTTP/1.1" 304 -
::1 - - [14/Mar/2020:21:42:40 +0800] "GET /makeSurvey.html HTTP/1.1" 200 1571
::1 - - [14/Mar/2020:21:42:40 +0800] "GET /custom.css HTTP/1.1" 304 -
::1 - - [14/Mar/2020:21:42:40 +0800] "GET /jquery-3.4.1.min.js HTTP/1.1" 304 -
::1 - - [14/Mar/2020:21:42:40 +0800] "GET /makeSurvey.js HTTP/1.1" 304 -
::1 - - [14/Mar/2020:21:46:44 +0800] "GET /index.html HTTP/1.1" 200 556
::1 - - [14/Mar/2020:21:46:44 +0800] "GET /custom.css HTTP/1.1" 200 2576
::1 - - [14/Mar/2020:21:46:44 +0800] "GET /jquery-3.4.1.min.js HTTP/1.1" 304 -
::1 - - [14/Mar/2020:21:46:44 +0800] "GET /custom.css HTTP/1.1" 200 2576
::1 - - [14/Mar/2020:21:46:44 +0800] "GET /jquery-3.4.1.min.js HTTP/1.1" 200 88145
::1 - - [14/Mar/2020:21:46:46 +0800] "GET /makeSurvey.html HTTP/1.1" 304 -
::1 - - [14/Mar/2020:21:46:46 +0800] "GET /makeSurvey.js HTTP/1.1" 304 -
::1 - - [14/Mar/2020:21:46:49 +0800] "GET /makeSurvey.html HTTP/1.1" 200 1571
::1 - - [14/Mar/2020:21:46:49 +0800] "GET /custom.css HTTP/1.1" 200 2576
::1 - - [14/Mar/2020:21:46:49 +0800] "GET /jquery-3.4.1.min.js HTTP/1.1" 200 88145
::1 - - [14/Mar/2020:21:46:49 +0800] "GET /makeSurvey.js HTTP/1.1" 200 5717
::1 - - [14/Mar/2020:21:47:31 +0800] "POST /saveJson.php HTTP/1.1" 200 40
::1 - - [14/Mar/2020:21:47:38 +0800] "GET /custom.css HTTP/1.1" 304 -
::1 - - [14/Mar/2020:21:47:55 +0800] "POST /saveJson.php HTTP/1.1" 200 40
::1 - - [14/Mar/2020:21:51:35 +0800] "POST /saveJson.php HTTP/1.1" 200 40
::1 - - [14/Mar/2020:21:51:39 +0800] "GET /makeSurvey.html HTTP/1.1" 200 1571
::1 - - [14/Mar/2020:21:51:39 +0800] "GET /custom.css HTTP/1.1" 200 2576
::1 - - [14/Mar/2020:21:51:39 +0800] "GET /jquery-3.4.1.min.js HTTP/1.1" 200 88145
::1 - - [14/Mar/2020:21:51:39 +0800] "GET /makeSurvey.js HTTP/1.1" 200 5691
::1 - - [14/Mar/2020:21:51:41 +0800] "POST /saveJson.php HTTP/1.1" 200 40
::1 - - [14/Mar/2020:21:52:14 +0800] "GET /makeSurvey.html HTTP/1.1" 200 1571
::1 - - [14/Mar/2020:21:52:14 +0800] "GET /custom.css HTTP/1.1" 200 2576
::1 - - [14/Mar/2020:21:52:14 +0800] "GET /jquery-3.4.1.min.js HTTP/1.1" 200 88145
::1 - - [14/Mar/2020:21:52:14 +0800] "GET /makeSurvey.js HTTP/1.1" 200 5691
::1 - - [14/Mar/2020:21:52:18 +0800] "POST /saveJson.php HTTP/1.1" 200 40
::1 - - [14/Mar/2020:22:48:56 +0800] "GET /makeSurvey.html HTTP/1.1" 304 -
::1 - - [14/Mar/2020:22:48:58 +0800] "GET /custom.css HTTP/1.1" 304 -
::1 - - [14/Mar/2020:22:48:58 +0800] "GET /makeSurvey.js HTTP/1.1" 304 -
::1 - - [14/Mar/2020:22:48:58 +0800] "GET /jquery-3.4.1.min.js HTTP/1.1" 304 -
