::1 - - [14/Mar/2020:10:16:09 +0800] "GET / HTTP/1.1" 200 83487
::1 - - [14/Mar/2020:10:16:34 +0800] "GET / HTTP/1.1" 200 83487
::1 - - [14/Mar/2020:10:16:34 +0800] "GET /style.css HTTP/1.1" 200 3041
::1 - - [14/Mar/2020:10:16:35 +0800] "GET /images/header.png HTTP/1.1" 200 7766
::1 - - [14/Mar/2020:10:16:35 +0800] "GET /index.php?=PHPE9568F34-D428-11d2-A769-00AA001ACF42 HTTP/1.1" 200 2524
::1 - - [14/Mar/2020:10:16:35 +0800] "GET /index.php?=PHPE9568F35-D428-11d2-A769-00AA001ACF42 HTTP/1.1" 200 2146
::1 - - [14/Mar/2020:10:16:35 +0800] "GET /images/background.jpg HTTP/1.1" 200 12386
::1 - - [14/Mar/2020:10:16:35 +0800] "GET /images/menuleft.jpg HTTP/1.1" 200 11236
::1 - - [14/Mar/2020:10:16:35 +0800] "GET /images/menu.jpg HTTP/1.1" 200 11219
::1 - - [14/Mar/2020:10:16:35 +0800] "GET /images/content.jpg HTTP/1.1" 200 11916
::1 - - [14/Mar/2020:10:16:35 +0800] "GET /images/menuright.jpg HTTP/1.1" 200 11239
::1 - - [14/Mar/2020:10:16:35 +0800] "GET /images/topcontent.jpg HTTP/1.1" 200 11578
::1 - - [14/Mar/2020:10:16:35 +0800] "GET /images/banner.jpg HTTP/1.1" 200 38149
::1 - - [14/Mar/2020:10:16:36 +0800] "GET /favicon.ico HTTP/1.1" 404 209
::1 - - [14/Mar/2020:10:16:59 +0800] "GET / HTTP/1.1" 200 83487
::1 - - [14/Mar/2020:10:17:08 +0800] "GET /phpmyadmin HTTP/1.1" 301 241
::1 - - [14/Mar/2020:10:17:08 +0800] "GET / HTTP/1.1" 200 83487
::1 - - [14/Mar/2020:10:17:08 +0800] "GET /index.php?=PHPE9568F34-D428-11d2-A769-00AA001ACF42 HTTP/1.1" 200 2524
::1 - - [14/Mar/2020:10:17:08 +0800] "GET /index.php?=PHPE9568F35-D428-11d2-A769-00AA001ACF42 HTTP/1.1" 200 2146
::1 - - [14/Mar/2020:10:17:08 +0800] "GET /phpmyadmin/ HTTP/1.1" 200 8503
::1 - - [14/Mar/2020:10:17:08 +0800] "GET /phpmyadmin/themes/pmahomme/jquery/jquery-ui-1.9.2.custom.css HTTP/1.1" 200 32278
::1 - - [14/Mar/2020:10:17:08 +0800] "GET /phpmyadmin/themes/dot.gif HTTP/1.1" 200 43
::1 - - [14/Mar/2020:10:17:08 +0800] "GET /phpmyadmin/themes/pmahomme/img/logo_right.png HTTP/1.1" 200 4548
::1 - - [14/Mar/2020:10:17:08 +0800] "GET /phpmyadmin/js/get_scripts.js.php?scripts[]=jquery/jquery-1.8.3.js&scripts[]=ajax.js&scripts[]=keyhandler.js&scripts[]=jquery/jquery-ui-1.9.2.custom.js&scripts[]=jquery/jquery.sprintf.js&scripts[]=jquery/jquery.cookie.js&scripts[]=jquery/jquery.mousewheel.js&scripts[]=jquery/jquery.event.drag-2.2.js&scripts[]=jquery/jquery-ui-timepicker-addon.js&scripts[]=jquery/jquery.ba-hashchange-1.3.js&scripts[]=jquery/jquery.debounce-1.0.5.js&scripts[]=jquery/jquery.menuResizer-1.0.js&scripts[]=rte.js&scripts[]=functions.js&scripts[]=navigation.js&scripts[]=indexes.js&scripts[]=common.js&scripts[]=codemirror/lib/codemirror.js&scripts[]=codemirror/mode/mysql/mysql.js HTTP/1.1" 200 578562
::1 - - [14/Mar/2020:10:17:08 +0800] "GET /phpmyadmin/phpmyadmin.css.php?server=1&lang=zh_CN&collation_connection=utf8_general_ci&token=eb12537f85dfbfe7dd18439ea3584d24&nocache=4125195912ltr HTTP/1.1" 200 88608
::1 - - [14/Mar/2020:10:17:08 +0800] "GET /phpmyadmin/js/messages.php?lang=zh_CN&db=&server=0&collation_connection=utf8_general_ci&token=d62d31ff3854906e8cc649a437c360df HTTP/1.1" 200 16107
::1 - - [14/Mar/2020:10:17:08 +0800] "GET /phpmyadmin/js/get_image.js.php?theme=pmahomme HTTP/1.1" 200 6263
::1 - - [14/Mar/2020:10:17:09 +0800] "GET /phpmyadmin/themes/pmahomme/img/sprites.png HTTP/1.1" 200 61899
::1 - - [14/Mar/2020:10:17:09 +0800] "GET /phpmyadmin/favicon.ico HTTP/1.1" 200 18902
::1 - - [14/Mar/2020:10:18:34 +0800] "GET /index.php HTTP/1.1" 200 83513
::1 - - [14/Mar/2020:10:18:34 +0800] "GET /index.php?=PHPE9568F34-D428-11d2-A769-00AA001ACF42 HTTP/1.1" 200 2524
::1 - - [14/Mar/2020:10:18:34 +0800] "GET /index.php?=PHPE9568F35-D428-11d2-A769-00AA001ACF42 HTTP/1.1" 200 2146
::1 - - [14/Mar/2020:16:19:11 +0800] "GET /saveJSson.php?json=%7B%22survey%22%3A%7B%22id%22%3A1584173951722%2C%22len%22%3A1%2C%22questions%22%3A%5B%7B%22type%22%3A%22multiple%22%2C%22question%22%3A%22Please%20Write%20Your%20Question%22%2C%22options%22%3A%5B%7B%221%22%3A%22%E5%A5%BD%22%7D%2C%7B%222%22%3A%22%E4%B8%8D%E5%A5%BD%22%7D%5D%7D%5D%7D%7D HTTP/1.1" 404 211
::1 - - [14/Mar/2020:16:21:28 +0800] "GET /saveJSson.php?json=%7B%22survey%22%3A%7B%22id%22%3A1584174088785%2C%22len%22%3A1%2C%22questions%22%3A%5B%7B%22type%22%3A%22single%22%2C%22question%22%3A%22Please%20Write%20Your%20Question%22%2C%22options%22%3A%5B%7B%221%22%3A%22%E5%A5%BD%22%7D%5D%7D%5D%7D%7D HTTP/1.1" 404 211
::1 - - [14/Mar/2020:16:22:24 +0800] "POST /saveJSson.php HTTP/1.1" 404 211
::1 - - [14/Mar/2020:16:22:56 +0800] "POST /saveJSson.php HTTP/1.1" 404 211
::1 - - [14/Mar/2020:16:23:16 +0800] "POST /saveJson.php HTTP/1.1" 200 158
::1 - - [14/Mar/2020:16:24:36 +0800] "POST /saveJson.php HTTP/1.1" 200 158
::1 - - [14/Mar/2020:16:26:06 +0800] "POST /saveJson.php HTTP/1.1" 200 94
::1 - - [14/Mar/2020:16:26:18 +0800] "POST /saveJson.php HTTP/1.1" 200 190
::1 - - [14/Mar/2020:16:33:48 +0800] "POST /saveJson.php HTTP/1.1" 200 171
::1 - - [14/Mar/2020:16:34:46 +0800] "POST /saveJson.php HTTP/1.1" 200 195
::1 - - [14/Mar/2020:16:35:49 +0800] "POST /saveJson.php HTTP/1.1" 200 54
::1 - - [14/Mar/2020:16:36:35 +0800] "POST /saveJson.php HTTP/1.1" 200 155
::1 - - [14/Mar/2020:16:36:52 +0800] "POST /saveJson.php HTTP/1.1" 200 203
::1 - - [14/Mar/2020:16:40:29 +0800] "POST /saveJson.php HTTP/1.1" 200 159
::1 - - [14/Mar/2020:16:44:37 +0800] "POST /saveJson.php HTTP/1.1" 200 -
::1 - - [14/Mar/2020:16:47:59 +0800] "POST /saveJson.php HTTP/1.1" 200 -
::1 - - [14/Mar/2020:16:48:12 +0800] "POST /saveJson.php HTTP/1.1" 200 195
::1 - - [14/Mar/2020:16:48:22 +0800] "POST /saveJson.php HTTP/1.1" 200 195
::1 - - [14/Mar/2020:16:48:59 +0800] "POST /saveJson.php HTTP/1.1" 200 195
::1 - - [14/Mar/2020:16:51:08 +0800] "POST /saveJson.php HTTP/1.1" 200 194
::1 - - [14/Mar/2020:16:52:22 +0800] "POST /saveJson.php HTTP/1.1" 200 6
::1 - - [14/Mar/2020:16:53:08 +0800] "POST /saveJson.php HTTP/1.1" 200 6
::1 - - [14/Mar/2020:16:53:31 +0800] "POST /saveJson.php HTTP/1.1" 200 159
::1 - - [14/Mar/2020:16:53:59 +0800] "POST /saveJson.php HTTP/1.1" 200 159
::1 - - [14/Mar/2020:17:00:23 +0800] "POST /saveJson.php HTTP/1.1" 200 6
::1 - - [14/Mar/2020:17:04:00 +0800] "POST /saveJson.php HTTP/1.1" 200 6
::1 - - [14/Mar/2020:17:05:30 +0800] "POST /saveJson.php HTTP/1.1" 200 6
::1 - - [14/Mar/2020:17:05:44 +0800] "POST /saveJson.php HTTP/1.1" 200 6
::1 - - [14/Mar/2020:17:06:22 +0800] "POST /saveJson.php HTTP/1.1" 200 195
::1 - - [14/Mar/2020:17:07:00 +0800] "POST /saveJson.php HTTP/1.1" 200 177
::1 - - [14/Mar/2020:17:07:31 +0800] "POST /saveJson.php HTTP/1.1" 200 201
::1 - - [14/Mar/2020:17:09:00 +0800] "POST /saveJson.php HTTP/1.1" 200 201
::1 - - [14/Mar/2020:17:09:24 +0800] "POST /saveJson.php HTTP/1.1" 200 159
::1 - - [14/Mar/2020:17:09:37 +0800] "POST /saveJson.php HTTP/1.1" 200 159
::1 - - [14/Mar/2020:17:10:27 +0800] "POST /saveJson.php HTTP/1.1" 200 6
::1 - - [14/Mar/2020:17:11:23 +0800] "POST /saveJson.php HTTP/1.1" 200 159
::1 - - [14/Mar/2020:17:14:42 +0800] "POST /saveJson.php HTTP/1.1" 200 180
::1 - - [14/Mar/2020:17:15:35 +0800] "POST /saveJson.php HTTP/1.1" 200 322
::1 - - [14/Mar/2020:17:15:46 +0800] "POST /saveJson.php HTTP/1.1" 200 277
::1 - - [14/Mar/2020:17:16:00 +0800] "POST /saveJson.php HTTP/1.1" 200 13
::1 - - [14/Mar/2020:17:17:24 +0800] "POST /saveJson.php HTTP/1.1" 200 187
::1 - - [14/Mar/2020:17:17:31 +0800] "POST /saveJson.php HTTP/1.1" 200 187
::1 - - [14/Mar/2020:17:17:52 +0800] "POST /saveJson.php HTTP/1.1" 200 187
::1 - - [14/Mar/2020:17:18:03 +0800] "POST /saveJson.php HTTP/1.1" 200 187
::1 - - [14/Mar/2020:17:20:19 +0800] "POST /saveJson.php HTTP/1.1" 200 187
::1 - - [14/Mar/2020:17:20:23 +0800] "POST /saveJson.php HTTP/1.1" 200 187
::1 - - [14/Mar/2020:17:20:37 +0800] "POST /saveJson.php HTTP/1.1" 200 187
::1 - - [14/Mar/2020:17:22:32 +0800] "POST /saveJson.php HTTP/1.1" 200 187
::1 - - [14/Mar/2020:17:23:47 +0800] "POST /saveJson.php HTTP/1.1" 200 187
::1 - - [14/Mar/2020:17:23:51 +0800] "POST /saveJson.php HTTP/1.1" 200 187
::1 - - [14/Mar/2020:17:24:08 +0800] "POST /saveJson.php HTTP/1.1" 200 187
::1 - - [14/Mar/2020:17:24:13 +0800] "POST /saveJson.php HTTP/1.1" 200 187
::1 - - [14/Mar/2020:17:25:17 +0800] "POST /saveJson.php HTTP/1.1" 200 160
::1 - - [14/Mar/2020:17:25:34 +0800] "POST /saveJson.php HTTP/1.1" 200 160
::1 - - [14/Mar/2020:17:25:57 +0800] "POST /saveJson.php HTTP/1.1" 200 67
::1 - - [14/Mar/2020:17:26:36 +0800] "POST /saveJson.php HTTP/1.1" 200 67
::1 - - [14/Mar/2020:17:26:42 +0800] "POST /saveJson.php HTTP/1.1" 200 133
::1 - - [14/Mar/2020:17:29:44 +0800] "POST /saveJson.php HTTP/1.1" 200 84
::1 - - [14/Mar/2020:17:30:37 +0800] "POST /saveJson.php HTTP/1.1" 200 150
::1 - - [14/Mar/2020:17:31:42 +0800] "POST /saveJson.php HTTP/1.1" 200 150
::1 - - [14/Mar/2020:17:33:13 +0800] "GET /saveJson.php?json=%7B%22survey%22%3A%7B%22id%22%3A1584178393877%2C%22len%22%3A0%2C%22questions%22%3A%5B%5D%7D%7D HTTP/1.1" 200 84
::1 - - [14/Mar/2020:17:33:25 +0800] "GET /saveJson.php?json=%7B%22survey%22%3A%7B%22id%22%3A1584178405429%2C%22len%22%3A1%2C%22questions%22%3A%5B%7B%22type%22%3A%22no%22%2C%22question%22%3A%22Please%20Write%20Your%20Question%22%2C%22options%22%3A%5B%5D%7D%5D%7D%7D HTTP/1.1" 200 150
::1 - - [14/Mar/2020:19:57:58 +0800] "POST /saveJson.php HTTP/1.1" 200 84
::1 - - [14/Mar/2020:19:58:27 +0800] "GET /1584187078984.json HTTP/1.1" 200 54
::1 - - [14/Mar/2020:20:03:32 +0800] "POST /saveJson.php HTTP/1.1" 200 35
::1 - - [14/Mar/2020:20:04:45 +0800] "POST /saveJson.php HTTP/1.1" 200 40
::1 - - [14/Mar/2020:20:07:09 +0800] "POST /saveJson.php HTTP/1.1" 200 40
::1 - - [14/Mar/2020:20:07:34 +0800] "GET /saveError.php HTTP/1.1" 200 48
::1 - - [14/Mar/2020:20:08:16 +0800] "POST /saveJson.php HTTP/1.1" 200 40
::1 - - [14/Mar/2020:20:08:19 +0800] "GET /saveError.php HTTP/1.1" 200 91
::1 - - [14/Mar/2020:20:08:44 +0800] "GET /saveError.php HTTP/1.1" 200 91
::1 - - [14/Mar/2020:20:08:44 +0800] "GET /saveError.php HTTP/1.1" 200 91
::1 - - [14/Mar/2020:20:09:31 +0800] "POST /saveJson.php HTTP/1.1" 200 40
::1 - - [14/Mar/2020:20:10:12 +0800] "GET /saveError.php HTTP/1.1" 200 91
::1 - - [14/Mar/2020:20:10:15 +0800] "POST /saveJson.php HTTP/1.1" 200 40
::1 - - [14/Mar/2020:20:11:36 +0800] "GET /saveError.php HTTP/1.1" 200 91
::1 - - [14/Mar/2020:20:12:30 +0800] "POST /saveJson.php HTTP/1.1" 200 40
::1 - - [14/Mar/2020:20:21:48 +0800] "POST /saveJson.php HTTP/1.1" 200 40
::1 - - [14/Mar/2020:20:22:29 +0800] "POST /saveJson.php HTTP/1.1" 200 40
::1 - - [14/Mar/2020:20:22:35 +0800] "POST /saveJson.php HTTP/1.1" 200 40
::1 - - [14/Mar/2020:20:23:59 +0800] "POST /saveJson.php HTTP/1.1" 200 40
::1 - - [14/Mar/2020:20:24:17 +0800] "POST /saveJson.php HTTP/1.1" 200 40
::1 - - [14/Mar/2020:20:25:12 +0800] "POST /saveJson.php HTTP/1.1" 200 40
::1 - - [14/Mar/2020:20:26:14 +0800] "GET /1584188712028.json HTTP/1.1" 200 54
::1 - - [14/Mar/2020:20:26:54 +0800] "GET /saveJson.php?json=%7B%22survey%22%3A%7B%22id%22%3A1584188814398%2C%22len%22%3A1%2C%22questions%22%3A%5B%7B%22type%22%3A%22no%22%2C%22question%22%3A%22Please%20Write%20Your%20Question%22%2C%22options%22%3A%5B%5D%7D%5D%7D%7D HTTP/1.1" 200 40
::1 - - [14/Mar/2020:20:30:04 +0800] "GET /saveJson.php HTTP/1.1" 200 171
::1 - - [14/Mar/2020:20:30:32 +0800] "GET /saveJson.php HTTP/1.1" 200 171
::1 - - [14/Mar/2020:20:31:43 +0800] "GET /saveJson.php HTTP/1.1" 200 171
::1 - - [14/Mar/2020:20:34:11 +0800] "GET /saveJson.php HTTP/1.1" 200 -
::1 - - [14/Mar/2020:20:34:18 +0800] "GET /saveJson.php HTTP/1.1" 200 -
::1 - - [14/Mar/2020:20:34:26 +0800] "GET /saveJson.php HTTP/1.1" 200 -
::1 - - [14/Mar/2020:20:34:34 +0800] "GET /saveJson.php HTTP/1.1" 200 -
::1 - - [14/Mar/2020:20:36:07 +0800] "GET /saveJson.php?json=%7B%22survey%22%3A%7B%22id%22%3A1584189367710%2C%22len%22%3A1%2C%22questions%22%3A%5B%7B%22type%22%3A%22edittext%22%2C%22question%22%3A%22Please%20Write%20Your%20Question%22%2C%22options%22%3A%5B%5D%7D%5D%7D%7D HTTP/1.1" 200 -
::1 - - [14/Mar/2020:20:37:18 +0800] "GET /saveJson.php?json=%7B%22survey%22%3A%7B%22id%22%3A1584189438012%2C%22len%22%3A1%2C%22questions%22%3A%5B%7B%22type%22%3A%22no%22%2C%22question%22%3A%22Please%20Write%20Your%20Question%22%2C%22options%22%3A%5B%5D%7D%5D%7D%7D HTTP/1.1" 200 -
::1 - - [14/Mar/2020:20:39:38 +0800] "GET /saveJson.php?json=%7B%22survey%22%3A%7B%22id%22%3A1584189578889%2C%22len%22%3A0%2C%22questions%22%3A%5B%5D%7D%7D HTTP/1.1" 200 -
::1 - - [14/Mar/2020:20:39:59 +0800] "GET /saveJson.php?json=%7B%22survey%22%3A%7B%22id%22%3A1584189599297%2C%22len%22%3A1%2C%22questions%22%3A%5B%7B%22type%22%3A%22edittext%22%2C%22question%22%3A%22Please%20Write%20Your%20Question%22%2C%22options%22%3A%5B%5D%7D%5D%7D%7D HTTP/1.1" 200 -
::1 - - [14/Mar/2020:20:40:37 +0800] "GET /saveJson.php?json=%7B%22survey%22%3A%7B%22id%22%3A1584189637373%2C%22len%22%3A0%2C%22questions%22%3A%5B%5D%7D%7D HTTP/1.1" 302 -
::1 - - [14/Mar/2020:20:40:37 +0800] "GET /hihi.json HTTP/1.1" 200 6
::1 - - [14/Mar/2020:20:40:52 +0800] "GET /saveJson.php?json=%7B%22survey%22%3A%7B%22id%22%3A1584189652820%2C%22len%22%3A0%2C%22questions%22%3A%5B%5D%7D%7D HTTP/1.1" 302 -
::1 - - [14/Mar/2020:20:40:52 +0800] "GET /hihi.json HTTP/1.1" 200 6
::1 - - [14/Mar/2020:20:41:45 +0800] "GET /saveJson.php?json=%7B%22survey%22%3A%7B%22id%22%3A1584189705779%2C%22len%22%3A0%2C%22questions%22%3A%5B%5D%7D%7D HTTP/1.1" 302 -
::1 - - [14/Mar/2020:20:41:45 +0800] "GET /hihi.json HTTP/1.1" 200 6
::1 - - [14/Mar/2020:20:42:10 +0800] "GET /saveJson.php?json=%7B%22survey%22%3A%7B%22id%22%3A1584189730668%2C%22len%22%3A0%2C%22questions%22%3A%5B%5D%7D%7D HTTP/1.1" 302 -
::1 - - [14/Mar/2020:20:42:10 +0800] "GET /hihi.json HTTP/1.1" 200 6
::1 - - [14/Mar/2020:20:42:19 +0800] "GET /saveJson.php?json=%7B%22survey%22%3A%7B%22id%22%3A1584189739299%2C%22len%22%3A0%2C%22questions%22%3A%5B%5D%7D%7D HTTP/1.1" 200 -
::1 - - [14/Mar/2020:20:44:29 +0800] "GET /saveJson.php?json=%7B%22survey%22%3A%7B%22id%22%3A1584189869695%2C%22len%22%3A0%2C%22questions%22%3A%5B%5D%7D%7D HTTP/1.1" 302 -
::1 - - [14/Mar/2020:20:44:34 +0800] "GET /saveJson.php?json=%7B%22survey%22%3A%7B%22id%22%3A1584189874377%2C%22len%22%3A0%2C%22questions%22%3A%5B%5D%7D%7D HTTP/1.1" 302 -
::1 - - [14/Mar/2020:20:44:49 +0800] "GET /saveJson.php?json=%7B%22survey%22%3A%7B%22id%22%3A1584189889823%2C%22len%22%3A0%2C%22questions%22%3A%5B%5D%7D%7D HTTP/1.1" 302 -
::1 - - [14/Mar/2020:20:45:31 +0800] "GET /saveJson.php?json=%7B%22survey%22%3A%7B%22id%22%3A1584189931151%2C%22len%22%3A0%2C%22questions%22%3A%5B%5D%7D%7D HTTP/1.1" 302 -
::1 - - [14/Mar/2020:20:46:10 +0800] "GET /saveJson.php?json=%7B%22survey%22%3A%7B%22id%22%3A1584189970840%2C%22len%22%3A0%2C%22questions%22%3A%5B%5D%7D%7D HTTP/1.1" 302 -
::1 - - [14/Mar/2020:20:46:10 +0800] "GET /hihi.json HTTP/1.1" 200 6
::1 - - [14/Mar/2020:20:47:55 +0800] "GET /saveJson.php?json=%7B%22survey%22%3A%7B%22id%22%3A1584190075237%2C%22len%22%3A0%2C%22questions%22%3A%5B%5D%7D%7D HTTP/1.1" 200 -
::1 - - [14/Mar/2020:20:52:54 +0800] "GET /saveJson.php HTTP/1.1" 200 -
::1 - - [14/Mar/2020:20:56:25 +0800] "GET /saveJson.php HTTP/1.1" 200 -
::1 - - [14/Mar/2020:20:58:25 +0800] "GET /test.html HTTP/1.1" 200 688
::1 - - [14/Mar/2020:20:58:25 +0800] "GET /jquery-3.4.1.min.js HTTP/1.1" 404 217
::1 - - [14/Mar/2020:21:00:16 +0800] "GET /test.html HTTP/1.1" 200 694
::1 - - [14/Mar/2020:21:00:16 +0800] "GET /jquery-3.4.1.min.js HTTP/1.1" 404 217
::1 - - [14/Mar/2020:21:02:37 +0800] "GET /test.html HTTP/1.1" 200 663
::1 - - [14/Mar/2020:21:02:37 +0800] "GET /jquery-3.4.1.min.js HTTP/1.1" 404 217
::1 - - [14/Mar/2020:21:04:37 +0800] "POST /saveJson.php HTTP/1.1" 200 296
::1 - - [14/Mar/2020:21:05:19 +0800] "POST /saveJson.php HTTP/1.1" 200 152
::1 - - [14/Mar/2020:21:05:47 +0800] "POST /saveJson.php HTTP/1.1" 200 40
::1 - - [14/Mar/2020:21:06:33 +0800] "GET /saveError.php HTTP/1.1" 200 91
::1 - - [14/Mar/2020:21:06:33 +0800] "GET /saveError.php HTTP/1.1" 200 91
::1 - - [14/Mar/2020:21:09:56 +0800] "POST /saveJson.php HTTP/1.1" 200 40
::1 - - [14/Mar/2020:21:12:13 +0800] "GET /1584191396621.json HTTP/1.1" 200 54
::1 - - [14/Mar/2020:21:12:40 +0800] "GET /1584191396621.json HTTP/1.1" 200 54
::1 - - [14/Mar/2020:21:16:20 +0800] "GET /saveError.php HTTP/1.1" 200 91
